2025-01-29 18:42:06 warning: DebugKit not enabled. You need to either install pdo_sqlite, or define the "debug_kit" connection name.
2025-01-29 20:47:28 warning: DebugKit not enabled. You need to either install pdo_sqlite, or define the "debug_kit" connection name.
2025-01-29 20:55:38 error: [Cake\Http\Exception\NotFoundException] Not Found in /home/alex/Projects/php-testing-katas/kata-hexagonal-cake/src/Controller/PagesController.php on line 70
Stack Trace:
- CORE/src/Controller/Controller.php:500
- CORE/src/Controller/ControllerFactory.php:166
- CORE/src/Controller/ControllerFactory.php:141
- CORE/src/Http/BaseApplication.php:362
- CORE/src/Http/Runner.php:86
- CORE/src/Http/Middleware/CsrfProtectionMiddleware.php:159
- CORE/src/Http/Runner.php:82
- CORE/src/Http/Middleware/BodyParserMiddleware.php:157
- CORE/src/Http/Runner.php:82
- CORE/src/Routing/Middleware/RoutingMiddleware.php:118
- CORE/src/Http/Runner.php:82
- CORE/src/Routing/Middleware/AssetMiddleware.php:69
- CORE/src/Http/Runner.php:82
- CORE/src/Error/Middleware/ErrorHandlerMiddleware.php:115
- CORE/src/Http/Runner.php:82
- CORE/src/Http/Runner.php:60
- CORE/src/Http/Server.php:104
- CORE/src/TestSuite/MiddlewareDispatcher.php:143
- CORE/src/TestSuite/IntegrationTestTrait.php:513
- CORE/src/TestSuite/IntegrationTestTrait.php:399
- ROOT/tests/TestCase/Controller/PagesControllerTest.php:53
- ROOT/vendor/phpunit/phpunit/src/Framework/TestCase.php:1235
- ROOT/vendor/phpunit/phpunit/src/Framework/TestCase.php:514
- ROOT/vendor/phpunit/phpunit/src/Framework/TestRunner/TestRunner.php:87
- ROOT/vendor/phpunit/phpunit/src/Framework/TestCase.php:361
- ROOT/vendor/phpunit/phpunit/src/Framework/TestSuite.php:369
- ROOT/vendor/phpunit/phpunit/src/Framework/TestSuite.php:369
- ROOT/vendor/phpunit/phpunit/src/Framework/TestSuite.php:369
- ROOT/vendor/phpunit/phpunit/src/TextUI/TestRunner.php:64
- ROOT/vendor/phpunit/phpunit/src/TextUI/Application.php:210
- ROOT/vendor/phpunit/phpunit/phpunit:104
- ROOT/vendor/bin/phpunit:122
- [main]:

Request URL: /pages/not_existing
2025-01-29 20:55:38 error: [Cake\View\Exception\MissingTemplateException] Template file `Pages/not_existing.php` could not be found.

The following paths were searched:

- `/home/alex/Projects/php-testing-katas/kata-hexagonal-cake/templates/Pages/not_existing.php`
- `/home/alex/Projects/php-testing-katas/kata-hexagonal-cake/vendor/cakephp/cakephp/templates/Pages/not_existing.php`
 in /home/alex/Projects/php-testing-katas/kata-hexagonal-cake/vendor/cakephp/cakephp/src/View/View.php on line 1377
Exception Attributes: array (
  'file' => 'Pages/not_existing.php',
  'paths' => 
  array (
    0 => '/home/alex/Projects/php-testing-katas/kata-hexagonal-cake/templates/',
    1 => '/home/alex/Projects/php-testing-katas/kata-hexagonal-cake/vendor/cakephp/cakephp/templates/',
  ),
)
Stack Trace:
- CORE/src/View/View.php:782
- CORE/src/Controller/Controller.php:707
- APP/Controller/PagesController.php:65
- CORE/src/Controller/Controller.php:500
- CORE/src/Controller/ControllerFactory.php:166
- CORE/src/Controller/ControllerFactory.php:141
- CORE/src/Http/BaseApplication.php:362
- CORE/src/Http/Runner.php:86
- CORE/src/Http/Middleware/CsrfProtectionMiddleware.php:159
- CORE/src/Http/Runner.php:82
- CORE/src/Http/Middleware/BodyParserMiddleware.php:157
- CORE/src/Http/Runner.php:82
- CORE/src/Routing/Middleware/RoutingMiddleware.php:118
- CORE/src/Http/Runner.php:82
- CORE/src/Routing/Middleware/AssetMiddleware.php:69
- CORE/src/Http/Runner.php:82
- CORE/src/Error/Middleware/ErrorHandlerMiddleware.php:115
- CORE/src/Http/Runner.php:82
- CORE/src/Http/Runner.php:60
- CORE/src/Http/Server.php:104
- CORE/src/TestSuite/MiddlewareDispatcher.php:143
- CORE/src/TestSuite/IntegrationTestTrait.php:513
- CORE/src/TestSuite/IntegrationTestTrait.php:399
- ROOT/tests/TestCase/Controller/PagesControllerTest.php:67
- ROOT/vendor/phpunit/phpunit/src/Framework/TestCase.php:1235
- ROOT/vendor/phpunit/phpunit/src/Framework/TestCase.php:514
- ROOT/vendor/phpunit/phpunit/src/Framework/TestRunner/TestRunner.php:87
- ROOT/vendor/phpunit/phpunit/src/Framework/TestCase.php:361
- ROOT/vendor/phpunit/phpunit/src/Framework/TestSuite.php:369
- ROOT/vendor/phpunit/phpunit/src/Framework/TestSuite.php:369
- ROOT/vendor/phpunit/phpunit/src/Framework/TestSuite.php:369
- ROOT/vendor/phpunit/phpunit/src/TextUI/TestRunner.php:64
- ROOT/vendor/phpunit/phpunit/src/TextUI/Application.php:210
- ROOT/vendor/phpunit/phpunit/phpunit:104
- ROOT/vendor/bin/phpunit:122
- [main]:

Request URL: /pages/not_existing
2025-01-29 20:55:39 error: [Cake\Http\Exception\ForbiddenException] Forbidden in /home/alex/Projects/php-testing-katas/kata-hexagonal-cake/src/Controller/PagesController.php on line 52
Stack Trace:
- CORE/src/Controller/Controller.php:500
- CORE/src/Controller/ControllerFactory.php:166
- CORE/src/Controller/ControllerFactory.php:141
- CORE/src/Http/BaseApplication.php:362
- CORE/src/Http/Runner.php:86
- CORE/src/Http/Middleware/CsrfProtectionMiddleware.php:159
- CORE/src/Http/Runner.php:82
- CORE/src/Http/Middleware/BodyParserMiddleware.php:157
- CORE/src/Http/Runner.php:82
- CORE/src/Routing/Middleware/RoutingMiddleware.php:118
- CORE/src/Http/Runner.php:82
- CORE/src/Routing/Middleware/AssetMiddleware.php:69
- CORE/src/Http/Runner.php:82
- CORE/src/Error/Middleware/ErrorHandlerMiddleware.php:115
- CORE/src/Http/Runner.php:82
- CORE/src/Http/Runner.php:60
- CORE/src/Http/Server.php:104
- CORE/src/TestSuite/MiddlewareDispatcher.php:143
- CORE/src/TestSuite/IntegrationTestTrait.php:513
- CORE/src/TestSuite/IntegrationTestTrait.php:399
- ROOT/tests/TestCase/Controller/PagesControllerTest.php:82
- ROOT/vendor/phpunit/phpunit/src/Framework/TestCase.php:1235
- ROOT/vendor/phpunit/phpunit/src/Framework/TestCase.php:514
- ROOT/vendor/phpunit/phpunit/src/Framework/TestRunner/TestRunner.php:87
- ROOT/vendor/phpunit/phpunit/src/Framework/TestCase.php:361
- ROOT/vendor/phpunit/phpunit/src/Framework/TestSuite.php:369
- ROOT/vendor/phpunit/phpunit/src/Framework/TestSuite.php:369
- ROOT/vendor/phpunit/phpunit/src/Framework/TestSuite.php:369
- ROOT/vendor/phpunit/phpunit/src/TextUI/TestRunner.php:64
- ROOT/vendor/phpunit/phpunit/src/TextUI/Application.php:210
- ROOT/vendor/phpunit/phpunit/phpunit:104
- ROOT/vendor/bin/phpunit:122
- [main]:

Request URL: /pages/../Layout/ajax
2025-01-29 20:55:39 error: [Cake\Http\Exception\InvalidCsrfTokenException] Missing or incorrect CSRF cookie type. in /home/alex/Projects/php-testing-katas/kata-hexagonal-cake/vendor/cakephp/cakephp/src/Http/Middleware/CsrfProtectionMiddleware.php on line 354
Stack Trace:
- CORE/src/Http/Middleware/CsrfProtectionMiddleware.php:165
- CORE/src/Http/Runner.php:82
- CORE/src/Http/Middleware/BodyParserMiddleware.php:162
- CORE/src/Http/Runner.php:82
- CORE/src/Routing/Middleware/RoutingMiddleware.php:118
- CORE/src/Http/Runner.php:82
- CORE/src/Routing/Middleware/AssetMiddleware.php:69
- CORE/src/Http/Runner.php:82
- CORE/src/Error/Middleware/ErrorHandlerMiddleware.php:115
- CORE/src/Http/Runner.php:82
- CORE/src/Http/Runner.php:60
- CORE/src/Http/Server.php:104
- CORE/src/TestSuite/MiddlewareDispatcher.php:143
- CORE/src/TestSuite/IntegrationTestTrait.php:513
- CORE/src/TestSuite/IntegrationTestTrait.php:415
- ROOT/tests/TestCase/Controller/PagesControllerTest.php:94
- ROOT/vendor/phpunit/phpunit/src/Framework/TestCase.php:1235
- ROOT/vendor/phpunit/phpunit/src/Framework/TestCase.php:514
- ROOT/vendor/phpunit/phpunit/src/Framework/TestRunner/TestRunner.php:87
- ROOT/vendor/phpunit/phpunit/src/Framework/TestCase.php:361
- ROOT/vendor/phpunit/phpunit/src/Framework/TestSuite.php:369
- ROOT/vendor/phpunit/phpunit/src/Framework/TestSuite.php:369
- ROOT/vendor/phpunit/phpunit/src/Framework/TestSuite.php:369
- ROOT/vendor/phpunit/phpunit/src/TextUI/TestRunner.php:64
- ROOT/vendor/phpunit/phpunit/src/TextUI/Application.php:210
- ROOT/vendor/phpunit/phpunit/phpunit:104
- ROOT/vendor/bin/phpunit:122
- [main]:

Request URL: /pages/home
2025-01-30 13:57:56 warning: The connection is going to be closed but there is an active transaction.
